<?xml version="1.0" encoding="UTF-8"?>
<testsuite xmlns:xsi="http://www.w3.org/2001/XMLSchema-instance" xsi:noNamespaceSchemaLocation="https://maven.apache.org/surefire/maven-surefire-plugin/xsd/surefire-test-report.xsd" version="3.0.2" name="com.saintroche.products.ProductsApplicationTests" time="6.421" tests="1" errors="0" skipped="0" failures="0">
  <properties>
    <property name="java.specification.version" value="21"/>
    <property name="sun.jnu.encoding" value="UTF-8"/>
    <property name="java.class.path" value="/home/vier/college/awd/sb/api/target/test-classes:/home/vier/college/awd/sb/api/target/classes:/home/vier/.m2/repository/org/springframework/boot/spring-boot-starter-data-jpa/3.4.7/spring-boot-starter-data-jpa-3.4.7.jar:/home/vier/.m2/repository/org/springframework/boot/spring-boot-starter/3.4.7/spring-boot-starter-3.4.7.jar:/home/vier/.m2/repository/org/springframework/boot/spring-boot-starter-logging/3.4.7/spring-boot-starter-logging-3.4.7.jar:/home/vier/.m2/repository/ch/qos/logback/logback-classic/1.5.18/logback-classic-1.5.18.jar:/home/vier/.m2/repository/ch/qos/logback/logback-core/1.5.18/logback-core-1.5.18.jar:/home/vier/.m2/repository/org/apache/logging/log4j/log4j-to-slf4j/2.24.3/log4j-to-slf4j-2.24.3.jar:/home/vier/.m2/repository/org/apache/logging/log4j/log4j-api/2.24.3/log4j-api-2.24.3.jar:/home/vier/.m2/repository/org/slf4j/jul-to-slf4j/2.0.17/jul-to-slf4j-2.0.17.jar:/home/vier/.m2/repository/jakarta/annotation/jakarta.annotation-api/2.1.1/jakarta.annotation-api-2.1.1.jar:/home/vier/.m2/repository/org/yaml/snakeyaml/2.3/snakeyaml-2.3.jar:/home/vier/.m2/repository/org/springframework/boot/spring-boot-starter-jdbc/3.4.7/spring-boot-starter-jdbc-3.4.7.jar:/home/vier/.m2/repository/com/zaxxer/HikariCP/5.1.0/HikariCP-5.1.0.jar:/home/vier/.m2/repository/org/springframework/spring-jdbc/6.2.8/spring-jdbc-6.2.8.jar:/home/vier/.m2/repository/org/hibernate/orm/hibernate-core/6.6.18.Final/hibernate-core-6.6.18.Final.jar:/home/vier/.m2/repository/jakarta/persistence/jakarta.persistence-api/3.1.0/jakarta.persistence-api-3.1.0.jar:/home/vier/.m2/repository/jakarta/transaction/jakarta.transaction-api/2.0.1/jakarta.transaction-api-2.0.1.jar:/home/vier/.m2/repository/org/jboss/logging/jboss-logging/3.6.1.Final/jboss-logging-3.6.1.Final.jar:/home/vier/.m2/repository/org/hibernate/common/hibernate-commons-annotations/7.0.3.Final/hibernate-commons-annotations-7.0.3.Final.jar:/home/vier/.m2/repository/io/smallrye/jandex/3.2.0/jandex-3.2.0.jar:/home/vier/.m2/repository/com/fasterxml/classmate/1.7.0/classmate-1.7.0.jar:/home/vier/.m2/repository/net/bytebuddy/byte-buddy/1.15.11/byte-buddy-1.15.11.jar:/home/vier/.m2/repository/org/glassfish/jaxb/jaxb-runtime/4.0.5/jaxb-runtime-4.0.5.jar:/home/vier/.m2/repository/org/glassfish/jaxb/jaxb-core/4.0.5/jaxb-core-4.0.5.jar:/home/vier/.m2/repository/org/eclipse/angus/angus-activation/2.0.2/angus-activation-2.0.2.jar:/home/vier/.m2/repository/org/glassfish/jaxb/txw2/4.0.5/txw2-4.0.5.jar:/home/vier/.m2/repository/com/sun/istack/istack-commons-runtime/4.1.2/istack-commons-runtime-4.1.2.jar:/home/vier/.m2/repository/jakarta/inject/jakarta.inject-api/2.0.1/jakarta.inject-api-2.0.1.jar:/home/vier/.m2/repository/org/antlr/antlr4-runtime/4.13.0/antlr4-runtime-4.13.0.jar:/home/vier/.m2/repository/org/springframework/data/spring-data-jpa/3.4.7/spring-data-jpa-3.4.7.jar:/home/vier/.m2/repository/org/springframework/data/spring-data-commons/3.4.7/spring-data-commons-3.4.7.jar:/home/vier/.m2/repository/org/springframework/spring-orm/6.2.8/spring-orm-6.2.8.jar:/home/vier/.m2/repository/org/springframework/spring-context/6.2.8/spring-context-6.2.8.jar:/home/vier/.m2/repository/org/springframework/spring-aop/6.2.8/spring-aop-6.2.8.jar:/home/vier/.m2/repository/org/springframework/spring-tx/6.2.8/spring-tx-6.2.8.jar:/home/vier/.m2/repository/org/springframework/spring-beans/6.2.8/spring-beans-6.2.8.jar:/home/vier/.m2/repository/org/slf4j/slf4j-api/2.0.17/slf4j-api-2.0.17.jar:/home/vier/.m2/repository/org/springframework/spring-aspects/6.2.8/spring-aspects-6.2.8.jar:/home/vier/.m2/repository/org/aspectj/aspectjweaver/1.9.24/aspectjweaver-1.9.24.jar:/home/vier/.m2/repository/org/springframework/boot/spring-boot-starter-web/3.4.7/spring-boot-starter-web-3.4.7.jar:/home/vier/.m2/repository/org/springframework/boot/spring-boot-starter-json/3.4.7/spring-boot-starter-json-3.4.7.jar:/home/vier/.m2/repository/com/fasterxml/jackson/core/jackson-databind/2.18.4/jackson-databind-2.18.4.jar:/home/vier/.m2/repository/com/fasterxml/jackson/core/jackson-annotations/2.18.4/jackson-annotations-2.18.4.jar:/home/vier/.m2/repository/com/fasterxml/jackson/core/jackson-core/2.18.4.1/jackson-core-2.18.4.1.jar:/home/vier/.m2/repository/com/fasterxml/jackson/datatype/jackson-datatype-jdk8/2.18.4/jackson-datatype-jdk8-2.18.4.jar:/home/vier/.m2/repository/com/fasterxml/jackson/datatype/jackson-datatype-jsr310/2.18.4/jackson-datatype-jsr310-2.18.4.jar:/home/vier/.m2/repository/com/fasterxml/jackson/module/jackson-module-parameter-names/2.18.4/jackson-module-parameter-names-2.18.4.jar:/home/vier/.m2/repository/org/springframework/boot/spring-boot-starter-tomcat/3.4.7/spring-boot-starter-tomcat-3.4.7.jar:/home/vier/.m2/repository/org/apache/tomcat/embed/tomcat-embed-core/10.1.42/tomcat-embed-core-10.1.42.jar:/home/vier/.m2/repository/org/apache/tomcat/embed/tomcat-embed-websocket/10.1.42/tomcat-embed-websocket-10.1.42.jar:/home/vier/.m2/repository/org/springframework/spring-web/6.2.8/spring-web-6.2.8.jar:/home/vier/.m2/repository/io/micrometer/micrometer-observation/1.14.8/micrometer-observation-1.14.8.jar:/home/vier/.m2/repository/io/micrometer/micrometer-commons/1.14.8/micrometer-commons-1.14.8.jar:/home/vier/.m2/repository/org/springframework/spring-webmvc/6.2.8/spring-webmvc-6.2.8.jar:/home/vier/.m2/repository/org/springframework/spring-expression/6.2.8/spring-expression-6.2.8.jar:/home/vier/.m2/repository/org/springframework/boot/spring-boot-devtools/3.4.7/spring-boot-devtools-3.4.7.jar:/home/vier/.m2/repository/org/springframework/boot/spring-boot/3.4.7/spring-boot-3.4.7.jar:/home/vier/.m2/repository/org/springframework/boot/spring-boot-autoconfigure/3.4.7/spring-boot-autoconfigure-3.4.7.jar:/home/vier/.m2/repository/com/mysql/mysql-connector-j/9.1.0/mysql-connector-j-9.1.0.jar:/home/vier/.m2/repository/org/springframework/boot/spring-boot-starter-test/3.4.7/spring-boot-starter-test-3.4.7.jar:/home/vier/.m2/repository/org/springframework/boot/spring-boot-test/3.4.7/spring-boot-test-3.4.7.jar:/home/vier/.m2/repository/org/springframework/boot/spring-boot-test-autoconfigure/3.4.7/spring-boot-test-autoconfigure-3.4.7.jar:/home/vier/.m2/repository/com/jayway/jsonpath/json-path/2.9.0/json-path-2.9.0.jar:/home/vier/.m2/repository/jakarta/xml/bind/jakarta.xml.bind-api/4.0.2/jakarta.xml.bind-api-4.0.2.jar:/home/vier/.m2/repository/jakarta/activation/jakarta.activation-api/2.1.3/jakarta.activation-api-2.1.3.jar:/home/vier/.m2/repository/net/minidev/json-smart/2.5.2/json-smart-2.5.2.jar:/home/vier/.m2/repository/net/minidev/accessors-smart/2.5.2/accessors-smart-2.5.2.jar:/home/vier/.m2/repository/org/ow2/asm/asm/9.7.1/asm-9.7.1.jar:/home/vier/.m2/repository/org/assertj/assertj-core/3.26.3/assertj-core-3.26.3.jar:/home/vier/.m2/repository/org/awaitility/awaitility/4.2.2/awaitility-4.2.2.jar:/home/vier/.m2/repository/org/hamcrest/hamcrest/2.2/hamcrest-2.2.jar:/home/vier/.m2/repository/org/junit/jupiter/junit-jupiter/5.11.4/junit-jupiter-5.11.4.jar:/home/vier/.m2/repository/org/junit/jupiter/junit-jupiter-api/5.11.4/junit-jupiter-api-5.11.4.jar:/home/vier/.m2/repository/org/opentest4j/opentest4j/1.3.0/opentest4j-1.3.0.jar:/home/vier/.m2/repository/org/junit/platform/junit-platform-commons/1.11.4/junit-platform-commons-1.11.4.jar:/home/vier/.m2/repository/org/apiguardian/apiguardian-api/1.1.2/apiguardian-api-1.1.2.jar:/home/vier/.m2/repository/org/junit/jupiter/junit-jupiter-params/5.11.4/junit-jupiter-params-5.11.4.jar:/home/vier/.m2/repository/org/junit/jupiter/junit-jupiter-engine/5.11.4/junit-jupiter-engine-5.11.4.jar:/home/vier/.m2/repository/org/junit/platform/junit-platform-engine/1.11.4/junit-platform-engine-1.11.4.jar:/home/vier/.m2/repository/org/mockito/mockito-core/5.14.2/mockito-core-5.14.2.jar:/home/vier/.m2/repository/net/bytebuddy/byte-buddy-agent/1.15.11/byte-buddy-agent-1.15.11.jar:/home/vier/.m2/repository/org/objenesis/objenesis/3.3/objenesis-3.3.jar:/home/vier/.m2/repository/org/mockito/mockito-junit-jupiter/5.14.2/mockito-junit-jupiter-5.14.2.jar:/home/vier/.m2/repository/org/skyscreamer/jsonassert/1.5.3/jsonassert-1.5.3.jar:/home/vier/.m2/repository/com/vaadin/external/google/android-json/0.0.20131108.vaadin1/android-json-0.0.20131108.vaadin1.jar:/home/vier/.m2/repository/org/springframework/spring-core/6.2.8/spring-core-6.2.8.jar:/home/vier/.m2/repository/org/springframework/spring-jcl/6.2.8/spring-jcl-6.2.8.jar:/home/vier/.m2/repository/org/springframework/spring-test/6.2.8/spring-test-6.2.8.jar:/home/vier/.m2/repository/org/xmlunit/xmlunit-core/2.10.2/xmlunit-core-2.10.2.jar:/home/vier/.m2/repository/org/springframework/boot/spring-boot-starter-validation/3.4.7/spring-boot-starter-validation-3.4.7.jar:/home/vier/.m2/repository/org/apache/tomcat/embed/tomcat-embed-el/10.1.42/tomcat-embed-el-10.1.42.jar:/home/vier/.m2/repository/org/hibernate/validator/hibernate-validator/8.0.2.Final/hibernate-validator-8.0.2.Final.jar:/home/vier/.m2/repository/jakarta/validation/jakarta.validation-api/3.0.2/jakarta.validation-api-3.0.2.jar:/home/vier/.m2/repository/org/springframework/cloud/spring-cloud-starter-openfeign/4.2.0/spring-cloud-starter-openfeign-4.2.0.jar:/home/vier/.m2/repository/org/springframework/cloud/spring-cloud-starter/4.2.0/spring-cloud-starter-4.2.0.jar:/home/vier/.m2/repository/org/springframework/cloud/spring-cloud-context/4.2.0/spring-cloud-context-4.2.0.jar:/home/vier/.m2/repository/org/bouncycastle/bcprov-jdk18on/1.78.1/bcprov-jdk18on-1.78.1.jar:/home/vier/.m2/repository/org/springframework/cloud/spring-cloud-openfeign-core/4.2.0/spring-cloud-openfeign-core-4.2.0.jar:/home/vier/.m2/repository/io/github/openfeign/feign-form-spring/13.5/feign-form-spring-13.5.jar:/home/vier/.m2/repository/io/github/openfeign/feign-form/13.5/feign-form-13.5.jar:/home/vier/.m2/repository/commons-fileupload/commons-fileupload/1.5/commons-fileupload-1.5.jar:/home/vier/.m2/repository/commons-io/commons-io/2.11.0/commons-io-2.11.0.jar:/home/vier/.m2/repository/org/springframework/cloud/spring-cloud-commons/4.2.0/spring-cloud-commons-4.2.0.jar:/home/vier/.m2/repository/org/springframework/security/spring-security-crypto/6.4.7/spring-security-crypto-6.4.7.jar:/home/vier/.m2/repository/io/github/openfeign/feign-core/13.5/feign-core-13.5.jar:/home/vier/.m2/repository/io/github/openfeign/feign-slf4j/13.5/feign-slf4j-13.5.jar:"/>
    <property name="java.vm.vendor" value="Red Hat, Inc."/>
    <property name="sun.arch.data.model" value="64"/>
    <property name="java.vendor.url" value="https://www.redhat.com/"/>
    <property name="user.timezone" value="Etc/GMT+5"/>
    <property name="org.jboss.logging.provider" value="slf4j"/>
    <property name="os.name" value="Linux"/>
    <property name="java.vm.specification.version" value="21"/>
    <property name="APPLICATION_NAME" value="products"/>
    <property name="sun.java.launcher" value="SUN_STANDARD"/>
    <property name="user.country" value="US"/>
    <property name="sun.boot.library.path" value="/usr/lib/jvm/java-21-openjdk/lib"/>
    <property name="sun.java.command" value="/home/vier/college/awd/sb/api/target/surefire/surefirebooter-20250730102857674_3.jar /home/vier/college/awd/sb/api/target/surefire 2025-07-30T10-28-57_567-jvmRun1 surefire-20250730102857674_1tmp surefire_0-20250730102857674_2tmp"/>
    <property name="jdk.debug" value="release"/>
    <property name="surefire.test.class.path" value="/home/vier/college/awd/sb/api/target/test-classes:/home/vier/college/awd/sb/api/target/classes:/home/vier/.m2/repository/org/springframework/boot/spring-boot-starter-data-jpa/3.4.7/spring-boot-starter-data-jpa-3.4.7.jar:/home/vier/.m2/repository/org/springframework/boot/spring-boot-starter/3.4.7/spring-boot-starter-3.4.7.jar:/home/vier/.m2/repository/org/springframework/boot/spring-boot-starter-logging/3.4.7/spring-boot-starter-logging-3.4.7.jar:/home/vier/.m2/repository/ch/qos/logback/logback-classic/1.5.18/logback-classic-1.5.18.jar:/home/vier/.m2/repository/ch/qos/logback/logback-core/1.5.18/logback-core-1.5.18.jar:/home/vier/.m2/repository/org/apache/logging/log4j/log4j-to-slf4j/2.24.3/log4j-to-slf4j-2.24.3.jar:/home/vier/.m2/repository/org/apache/logging/log4j/log4j-api/2.24.3/log4j-api-2.24.3.jar:/home/vier/.m2/repository/org/slf4j/jul-to-slf4j/2.0.17/jul-to-slf4j-2.0.17.jar:/home/vier/.m2/repository/jakarta/annotation/jakarta.annotation-api/2.1.1/jakarta.annotation-api-2.1.1.jar:/home/vier/.m2/repository/org/yaml/snakeyaml/2.3/snakeyaml-2.3.jar:/home/vier/.m2/repository/org/springframework/boot/spring-boot-starter-jdbc/3.4.7/spring-boot-starter-jdbc-3.4.7.jar:/home/vier/.m2/repository/com/zaxxer/HikariCP/5.1.0/HikariCP-5.1.0.jar:/home/vier/.m2/repository/org/springframework/spring-jdbc/6.2.8/spring-jdbc-6.2.8.jar:/home/vier/.m2/repository/org/hibernate/orm/hibernate-core/6.6.18.Final/hibernate-core-6.6.18.Final.jar:/home/vier/.m2/repository/jakarta/persistence/jakarta.persistence-api/3.1.0/jakarta.persistence-api-3.1.0.jar:/home/vier/.m2/repository/jakarta/transaction/jakarta.transaction-api/2.0.1/jakarta.transaction-api-2.0.1.jar:/home/vier/.m2/repository/org/jboss/logging/jboss-logging/3.6.1.Final/jboss-logging-3.6.1.Final.jar:/home/vier/.m2/repository/org/hibernate/common/hibernate-commons-annotations/7.0.3.Final/hibernate-commons-annotations-7.0.3.Final.jar:/home/vier/.m2/repository/io/smallrye/jandex/3.2.0/jandex-3.2.0.jar:/home/vier/.m2/repository/com/fasterxml/classmate/1.7.0/classmate-1.7.0.jar:/home/vier/.m2/repository/net/bytebuddy/byte-buddy/1.15.11/byte-buddy-1.15.11.jar:/home/vier/.m2/repository/org/glassfish/jaxb/jaxb-runtime/4.0.5/jaxb-runtime-4.0.5.jar:/home/vier/.m2/repository/org/glassfish/jaxb/jaxb-core/4.0.5/jaxb-core-4.0.5.jar:/home/vier/.m2/repository/org/eclipse/angus/angus-activation/2.0.2/angus-activation-2.0.2.jar:/home/vier/.m2/repository/org/glassfish/jaxb/txw2/4.0.5/txw2-4.0.5.jar:/home/vier/.m2/repository/com/sun/istack/istack-commons-runtime/4.1.2/istack-commons-runtime-4.1.2.jar:/home/vier/.m2/repository/jakarta/inject/jakarta.inject-api/2.0.1/jakarta.inject-api-2.0.1.jar:/home/vier/.m2/repository/org/antlr/antlr4-runtime/4.13.0/antlr4-runtime-4.13.0.jar:/home/vier/.m2/repository/org/springframework/data/spring-data-jpa/3.4.7/spring-data-jpa-3.4.7.jar:/home/vier/.m2/repository/org/springframework/data/spring-data-commons/3.4.7/spring-data-commons-3.4.7.jar:/home/vier/.m2/repository/org/springframework/spring-orm/6.2.8/spring-orm-6.2.8.jar:/home/vier/.m2/repository/org/springframework/spring-context/6.2.8/spring-context-6.2.8.jar:/home/vier/.m2/repository/org/springframework/spring-aop/6.2.8/spring-aop-6.2.8.jar:/home/vier/.m2/repository/org/springframework/spring-tx/6.2.8/spring-tx-6.2.8.jar:/home/vier/.m2/repository/org/springframework/spring-beans/6.2.8/spring-beans-6.2.8.jar:/home/vier/.m2/repository/org/slf4j/slf4j-api/2.0.17/slf4j-api-2.0.17.jar:/home/vier/.m2/repository/org/springframework/spring-aspects/6.2.8/spring-aspects-6.2.8.jar:/home/vier/.m2/repository/org/aspectj/aspectjweaver/1.9.24/aspectjweaver-1.9.24.jar:/home/vier/.m2/repository/org/springframework/boot/spring-boot-starter-web/3.4.7/spring-boot-starter-web-3.4.7.jar:/home/vier/.m2/repository/org/springframework/boot/spring-boot-starter-json/3.4.7/spring-boot-starter-json-3.4.7.jar:/home/vier/.m2/repository/com/fasterxml/jackson/core/jackson-databind/2.18.4/jackson-databind-2.18.4.jar:/home/vier/.m2/repository/com/fasterxml/jackson/core/jackson-annotations/2.18.4/jackson-annotations-2.18.4.jar:/home/vier/.m2/repository/com/fasterxml/jackson/core/jackson-core/2.18.4.1/jackson-core-2.18.4.1.jar:/home/vier/.m2/repository/com/fasterxml/jackson/datatype/jackson-datatype-jdk8/2.18.4/jackson-datatype-jdk8-2.18.4.jar:/home/vier/.m2/repository/com/fasterxml/jackson/datatype/jackson-datatype-jsr310/2.18.4/jackson-datatype-jsr310-2.18.4.jar:/home/vier/.m2/repository/com/fasterxml/jackson/module/jackson-module-parameter-names/2.18.4/jackson-module-parameter-names-2.18.4.jar:/home/vier/.m2/repository/org/springframework/boot/spring-boot-starter-tomcat/3.4.7/spring-boot-starter-tomcat-3.4.7.jar:/home/vier/.m2/repository/org/apache/tomcat/embed/tomcat-embed-core/10.1.42/tomcat-embed-core-10.1.42.jar:/home/vier/.m2/repository/org/apache/tomcat/embed/tomcat-embed-websocket/10.1.42/tomcat-embed-websocket-10.1.42.jar:/home/vier/.m2/repository/org/springframework/spring-web/6.2.8/spring-web-6.2.8.jar:/home/vier/.m2/repository/io/micrometer/micrometer-observation/1.14.8/micrometer-observation-1.14.8.jar:/home/vier/.m2/repository/io/micrometer/micrometer-commons/1.14.8/micrometer-commons-1.14.8.jar:/home/vier/.m2/repository/org/springframework/spring-webmvc/6.2.8/spring-webmvc-6.2.8.jar:/home/vier/.m2/repository/org/springframework/spring-expression/6.2.8/spring-expression-6.2.8.jar:/home/vier/.m2/repository/org/springframework/boot/spring-boot-devtools/3.4.7/spring-boot-devtools-3.4.7.jar:/home/vier/.m2/repository/org/springframework/boot/spring-boot/3.4.7/spring-boot-3.4.7.jar:/home/vier/.m2/repository/org/springframework/boot/spring-boot-autoconfigure/3.4.7/spring-boot-autoconfigure-3.4.7.jar:/home/vier/.m2/repository/com/mysql/mysql-connector-j/9.1.0/mysql-connector-j-9.1.0.jar:/home/vier/.m2/repository/org/springframework/boot/spring-boot-starter-test/3.4.7/spring-boot-starter-test-3.4.7.jar:/home/vier/.m2/repository/org/springframework/boot/spring-boot-test/3.4.7/spring-boot-test-3.4.7.jar:/home/vier/.m2/repository/org/springframework/boot/spring-boot-test-autoconfigure/3.4.7/spring-boot-test-autoconfigure-3.4.7.jar:/home/vier/.m2/repository/com/jayway/jsonpath/json-path/2.9.0/json-path-2.9.0.jar:/home/vier/.m2/repository/jakarta/xml/bind/jakarta.xml.bind-api/4.0.2/jakarta.xml.bind-api-4.0.2.jar:/home/vier/.m2/repository/jakarta/activation/jakarta.activation-api/2.1.3/jakarta.activation-api-2.1.3.jar:/home/vier/.m2/repository/net/minidev/json-smart/2.5.2/json-smart-2.5.2.jar:/home/vier/.m2/repository/net/minidev/accessors-smart/2.5.2/accessors-smart-2.5.2.jar:/home/vier/.m2/repository/org/ow2/asm/asm/9.7.1/asm-9.7.1.jar:/home/vier/.m2/repository/org/assertj/assertj-core/3.26.3/assertj-core-3.26.3.jar:/home/vier/.m2/repository/org/awaitility/awaitility/4.2.2/awaitility-4.2.2.jar:/home/vier/.m2/repository/org/hamcrest/hamcrest/2.2/hamcrest-2.2.jar:/home/vier/.m2/repository/org/junit/jupiter/junit-jupiter/5.11.4/junit-jupiter-5.11.4.jar:/home/vier/.m2/repository/org/junit/jupiter/junit-jupiter-api/5.11.4/junit-jupiter-api-5.11.4.jar:/home/vier/.m2/repository/org/opentest4j/opentest4j/1.3.0/opentest4j-1.3.0.jar:/home/vier/.m2/repository/org/junit/platform/junit-platform-commons/1.11.4/junit-platform-commons-1.11.4.jar:/home/vier/.m2/repository/org/apiguardian/apiguardian-api/1.1.2/apiguardian-api-1.1.2.jar:/home/vier/.m2/repository/org/junit/jupiter/junit-jupiter-params/5.11.4/junit-jupiter-params-5.11.4.jar:/home/vier/.m2/repository/org/junit/jupiter/junit-jupiter-engine/5.11.4/junit-jupiter-engine-5.11.4.jar:/home/vier/.m2/repository/org/junit/platform/junit-platform-engine/1.11.4/junit-platform-engine-1.11.4.jar:/home/vier/.m2/repository/org/mockito/mockito-core/5.14.2/mockito-core-5.14.2.jar:/home/vier/.m2/repository/net/bytebuddy/byte-buddy-agent/1.15.11/byte-buddy-agent-1.15.11.jar:/home/vier/.m2/repository/org/objenesis/objenesis/3.3/objenesis-3.3.jar:/home/vier/.m2/repository/org/mockito/mockito-junit-jupiter/5.14.2/mockito-junit-jupiter-5.14.2.jar:/home/vier/.m2/repository/org/skyscreamer/jsonassert/1.5.3/jsonassert-1.5.3.jar:/home/vier/.m2/repository/com/vaadin/external/google/android-json/0.0.20131108.vaadin1/android-json-0.0.20131108.vaadin1.jar:/home/vier/.m2/repository/org/springframework/spring-core/6.2.8/spring-core-6.2.8.jar:/home/vier/.m2/repository/org/springframework/spring-jcl/6.2.8/spring-jcl-6.2.8.jar:/home/vier/.m2/repository/org/springframework/spring-test/6.2.8/spring-test-6.2.8.jar:/home/vier/.m2/repository/org/xmlunit/xmlunit-core/2.10.2/xmlunit-core-2.10.2.jar:/home/vier/.m2/repository/org/springframework/boot/spring-boot-starter-validation/3.4.7/spring-boot-starter-validation-3.4.7.jar:/home/vier/.m2/repository/org/apache/tomcat/embed/tomcat-embed-el/10.1.42/tomcat-embed-el-10.1.42.jar:/home/vier/.m2/repository/org/hibernate/validator/hibernate-validator/8.0.2.Final/hibernate-validator-8.0.2.Final.jar:/home/vier/.m2/repository/jakarta/validation/jakarta.validation-api/3.0.2/jakarta.validation-api-3.0.2.jar:/home/vier/.m2/repository/org/springframework/cloud/spring-cloud-starter-openfeign/4.2.0/spring-cloud-starter-openfeign-4.2.0.jar:/home/vier/.m2/repository/org/springframework/cloud/spring-cloud-starter/4.2.0/spring-cloud-starter-4.2.0.jar:/home/vier/.m2/repository/org/springframework/cloud/spring-cloud-context/4.2.0/spring-cloud-context-4.2.0.jar:/home/vier/.m2/repository/org/bouncycastle/bcprov-jdk18on/1.78.1/bcprov-jdk18on-1.78.1.jar:/home/vier/.m2/repository/org/springframework/cloud/spring-cloud-openfeign-core/4.2.0/spring-cloud-openfeign-core-4.2.0.jar:/home/vier/.m2/repository/io/github/openfeign/feign-form-spring/13.5/feign-form-spring-13.5.jar:/home/vier/.m2/repository/io/github/openfeign/feign-form/13.5/feign-form-13.5.jar:/home/vier/.m2/repository/commons-fileupload/commons-fileupload/1.5/commons-fileupload-1.5.jar:/home/vier/.m2/repository/commons-io/commons-io/2.11.0/commons-io-2.11.0.jar:/home/vier/.m2/repository/org/springframework/cloud/spring-cloud-commons/4.2.0/spring-cloud-commons-4.2.0.jar:/home/vier/.m2/repository/org/springframework/security/spring-security-crypto/6.4.7/spring-security-crypto-6.4.7.jar:/home/vier/.m2/repository/io/github/openfeign/feign-core/13.5/feign-core-13.5.jar:/home/vier/.m2/repository/io/github/openfeign/feign-slf4j/13.5/feign-slf4j-13.5.jar:"/>
    <property name="sun.cpu.endian" value="little"/>
    <property name="user.home" value="/home/vier"/>
    <property name="user.language" value="en"/>
    <property name="java.specification.vendor" value="Oracle Corporation"/>
    <property name="java.version.date" value="2025-07-15"/>
    <property name="java.home" value="/usr/lib/jvm/java-21-openjdk"/>
    <property name="file.separator" value="/"/>
    <property name="basedir" value="/home/vier/college/awd/sb/api"/>
    <property name="java.vm.compressedOopsMode" value="Zero based"/>
    <property name="line.separator" value="&#10;"/>
    <property name="java.vm.specification.vendor" value="Oracle Corporation"/>
    <property name="java.specification.name" value="Java Platform API Specification"/>
    <property name="FILE_LOG_CHARSET" value="UTF-8"/>
    <property name="java.awt.headless" value="true"/>
    <property name="surefire.real.class.path" value="/home/vier/college/awd/sb/api/target/surefire/surefirebooter-20250730102857674_3.jar"/>
    <property name="sun.management.compiler" value="HotSpot 64-Bit Tiered Compilers"/>
    <property name="java.runtime.version" value="21.0.8+9"/>
    <property name="user.name" value="vier"/>
    <property name="stdout.encoding" value="UTF-8"/>
    <property name="path.separator" value=":"/>
    <property name="os.version" value="6.15.7-100.fc41.x86_64"/>
    <property name="java.runtime.name" value="OpenJDK Runtime Environment"/>
    <property name="file.encoding" value="UTF-8"/>
    <property name="java.vm.name" value="OpenJDK 64-Bit Server VM"/>
    <property name="java.vendor.version" value="(Red_Hat-21.0.8.0.9-1)"/>
    <property name="localRepository" value="/home/vier/.m2/repository"/>
    <property name="java.vendor.url.bug" value="https://bugzilla.redhat.com/enter_bug.cgi?product=Fedora&amp;component=java-21-openjdk&amp;version=41"/>
    <property name="java.io.tmpdir" value="/tmp"/>
    <property name="com.zaxxer.hikari.pool_number" value="1"/>
    <property name="java.version" value="21.0.8"/>
    <property name="user.dir" value="/home/vier/college/awd/sb/api"/>
    <property name="os.arch" value="amd64"/>
    <property name="java.vm.specification.name" value="Java Virtual Machine Specification"/>
    <property name="PID" value="80395"/>
    <property name="CONSOLE_LOG_CHARSET" value="UTF-8"/>
    <property name="native.encoding" value="UTF-8"/>
    <property name="java.library.path" value="/usr/java/packages/lib:/usr/lib64:/lib64:/lib:/usr/lib"/>
    <property name="java.vm.info" value="mixed mode, sharing"/>
    <property name="stderr.encoding" value="UTF-8"/>
    <property name="java.vendor" value="Red Hat, Inc."/>
    <property name="java.vm.version" value="21.0.8+9"/>
    <property name="sun.io.unicode.encoding" value="UnicodeLittle"/>
    <property name="java.class.version" value="65.0"/>
    <property name="LOGGED_APPLICATION_NAME" value="[products] "/>
  </properties>
  <testcase name="contextLoads" classname="com.saintroche.products.ProductsApplicationTests" time="0.562">
    <system-out><![CDATA[10:28:58.517 [main] INFO org.springframework.test.context.support.AnnotationConfigContextLoaderUtils -- Could not detect default configuration classes for test class [com.saintroche.products.ProductsApplicationTests]: ProductsApplicationTests does not declare any static, non-private, non-final, nested classes annotated with @Configuration.
10:28:58.650 [main] INFO org.springframework.boot.test.context.SpringBootTestContextBootstrapper -- Found @SpringBootConfiguration com.saintroche.products.ProductsApplication for test class com.saintroche.products.ProductsApplicationTests
10:28:59.055 [main] INFO org.springframework.boot.devtools.restart.RestartApplicationListener -- Restart disabled due to context in which it is running

  .   ____          _            __ _ _
 /\\ / ___'_ __ _ _(_)_ __  __ _ \ \ \ \
( ( )\___ | '_ | '_| | '_ \/ _` | \ \ \ \
 \\/  ___)| |_)| | | | | || (_| |  ) ) ) )
  '  |____| .__|_| |_|_| |_\__, | / / / /
 =========|_|==============|___/=/_/_/_/

 :: Spring Boot ::                (v3.4.7)

2025-07-30T10:28:59.457-05:00  INFO 80395 --- [products] [           main] c.s.products.ProductsApplicationTests    : Starting ProductsApplicationTests using Java 21.0.8 with PID 80395 (started by vier in /home/vier/college/awd/sb/api)
2025-07-30T10:28:59.459-05:00  INFO 80395 --- [products] [           main] c.s.products.ProductsApplicationTests    : No active profile set, falling back to 1 default profile: "default"
2025-07-30T10:29:00.477-05:00  INFO 80395 --- [products] [           main] .s.d.r.c.RepositoryConfigurationDelegate : Bootstrapping Spring Data JPA repositories in DEFAULT mode.
2025-07-30T10:29:00.546-05:00  INFO 80395 --- [products] [           main] .s.d.r.c.RepositoryConfigurationDelegate : Finished Spring Data repository scanning in 56 ms. Found 1 JPA repository interface.
2025-07-30T10:29:00.717-05:00  INFO 80395 --- [products] [           main] o.s.cloud.context.scope.GenericScope     : BeanFactory id=f0ada8fc-acdf-3649-8d1e-dce68e5e0c3c
2025-07-30T10:29:01.148-05:00  INFO 80395 --- [products] [           main] o.hibernate.jpa.internal.util.LogHelper  : HHH000204: Processing PersistenceUnitInfo [name: default]
2025-07-30T10:29:01.210-05:00  INFO 80395 --- [products] [           main] org.hibernate.Version                    : HHH000412: Hibernate ORM core version 6.6.18.Final
2025-07-30T10:29:01.265-05:00  INFO 80395 --- [products] [           main] o.h.c.internal.RegionFactoryInitiator    : HHH000026: Second-level cache disabled
2025-07-30T10:29:01.604-05:00  INFO 80395 --- [products] [           main] o.s.o.j.p.SpringPersistenceUnitInfo      : No LoadTimeWeaver setup: ignoring JPA class transformer
2025-07-30T10:29:01.635-05:00  INFO 80395 --- [products] [           main] com.zaxxer.hikari.HikariDataSource       : HikariPool-1 - Starting...
2025-07-30T10:29:01.976-05:00  INFO 80395 --- [products] [           main] com.zaxxer.hikari.pool.HikariPool        : HikariPool-1 - Added connection com.mysql.cj.jdbc.ConnectionImpl@f1d1463
2025-07-30T10:29:01.978-05:00  INFO 80395 --- [products] [           main] com.zaxxer.hikari.HikariDataSource       : HikariPool-1 - Start completed.
2025-07-30T10:29:02.032-05:00  WARN 80395 --- [products] [           main] org.hibernate.orm.deprecation            : HHH90000025: MySQLDialect does not need to be specified explicitly using 'hibernate.dialect' (remove the property setting and it will be selected by default)
2025-07-30T10:29:02.053-05:00  INFO 80395 --- [products] [           main] org.hibernate.orm.connections.pooling    : HHH10001005: Database info:
	Database JDBC URL [Connecting through datasource 'HikariDataSource (HikariPool-1)']
	Database driver: undefined/unknown
	Database version: 9.4
	Autocommit mode: undefined/unknown
	Isolation level: undefined/unknown
	Minimum pool size: undefined/unknown
	Maximum pool size: undefined/unknown
2025-07-30T10:29:02.848-05:00  INFO 80395 --- [products] [           main] o.h.e.t.j.p.i.JtaPlatformInitiator       : HHH000489: No JTA platform available (set 'hibernate.transaction.jta.platform' to enable JTA platform integration)
2025-07-30T10:29:02.893-05:00  INFO 80395 --- [products] [           main] j.LocalContainerEntityManagerFactoryBean : Initialized JPA EntityManagerFactory for persistence unit 'default'
2025-07-30T10:29:03.262-05:00  WARN 80395 --- [products] [           main] JpaBaseConfiguration$JpaWebConfiguration : spring.jpa.open-in-view is enabled by default. Therefore, database queries may be performed during view rendering. Explicitly configure spring.jpa.open-in-view to disable this warning
2025-07-30T10:29:04.186-05:00  INFO 80395 --- [products] [           main] c.s.products.ProductsApplicationTests    : Started ProductsApplicationTests in 5.151 seconds (process running for 6.417)
]]></system-out>
    <system-err><![CDATA[Mockito is currently self-attaching to enable the inline-mock-maker. This will no longer work in future releases of the JDK. Please add Mockito as an agent to your build what is described in Mockito's documentation: https://javadoc.io/doc/org.mockito/mockito-core/latest/org/mockito/Mockito.html#0.3
WARNING: A Java agent has been loaded dynamically (/home/vier/.m2/repository/net/bytebuddy/byte-buddy-agent/1.15.11/byte-buddy-agent-1.15.11.jar)
WARNING: If a serviceability tool is in use, please run with -XX:+EnableDynamicAgentLoading to hide this warning
WARNING: If a serviceability tool is not in use, please run with -Djdk.instrument.traceUsage for more information
WARNING: Dynamic loading of agents will be disallowed by default in a future release
]]></system-err>
  </testcase>
</testsuite>